<?xml version='1.0' encoding='UTF-8'?>
<testsuite hostname="sander-Aspire-E5-572G" name="AccountTests" tests="7" errors="0" failures="0" time="-0.007">
                     <properties>
[...]
</properties>
                     <testcase classname="AccountTests" name="Test 01: Valid account withdrawal" time="-0.001">
                                                 
                                               </testcase><testcase classname="AccountTests" name="Test 02: Invalid account withdrawal should throw exception" time="-0.001">
                                                 
                                               </testcase><testcase classname="AccountTests" name="Test 03: Withdrawal of negative amount should throw exception" time="-0.001">
                                                 
                                               </testcase><testcase classname="AccountTests" name="Test 04: Valid account deposit" time="-0.001">
                                                 
                                               </testcase><testcase classname="AccountTests" name="Test 05: Deposit of negative amount should throw exception" time="-0.001">
                                                 
                                               </testcase><testcase classname="AccountTests" name="Test 06: Correct balance amount after several withdrawals and deposits" time="-0.001">
                                                 
                                               </testcase><testcase classname="AccountTests" name="Test 07: Account IDs are unique" time="-0.001">
                                                 
                                               </testcase>
                     <system-out></system-out>
                     <system-err></system-err>
                   </testsuite>